<?xml version="1.0" encoding="UTF-8"?>
<testng-results ignored="0" total="1" passed="1" failed="0" skipped="0">
  <reporter-output>
  </reporter-output>
  <suite started-at="2022-08-16T09:36:58Z" name="Failed suite [Failed suite [HybridFrameworkBaning]]" finished-at="2022-08-16T09:38:48Z" duration-ms="109661">
    <groups>
    </groups>
    <test started-at="2022-08-16T09:36:58Z" name="BankingApp Test(failed)(failed)" finished-at="2022-08-16T09:38:48Z" duration-ms="109661">
      <class name="com.banking.testcases.TC_AddCustomerTest_003">
        <test-method is-config="true" signature="setUp(java.lang.String)[pri:0, instance:com.banking.testcases.TC_AddCustomerTest_003@2118cddf]" started-at="2022-08-16T09:36:59Z" name="setUp" finished-at="2022-08-16T09:37:46Z" duration-ms="47584" status="PASS">
          <params>
            <param index="0">
              <value>
                <![CDATA[chrome]]>
              </value>
            </param>
          </params>
          <reporter-output>
          </reporter-output>
        </test-method> <!-- setUp -->
        <test-method signature="addNewCustomer()[pri:0, instance:com.banking.testcases.TC_AddCustomerTest_003@2118cddf]" started-at="2022-08-16T09:37:46Z" name="addNewCustomer" finished-at="2022-08-16T09:38:47Z" duration-ms="60986" status="PASS">
          <reporter-output>
          </reporter-output>
        </test-method> <!-- addNewCustomer -->
        <test-method is-config="true" signature="tearDown()[pri:0, instance:com.banking.testcases.TC_AddCustomerTest_003@2118cddf]" started-at="2022-08-16T09:38:47Z" name="tearDown" finished-at="2022-08-16T09:38:48Z" duration-ms="580" status="PASS">
          <reporter-output>
          </reporter-output>
        </test-method> <!-- tearDown -->
      </class> <!-- com.banking.testcases.TC_AddCustomerTest_003 -->
    </test> <!-- BankingApp Test(failed)(failed) -->
  </suite> <!-- Failed suite [Failed suite [HybridFrameworkBaning]] -->
</testng-results>
